JUnit version 4.13.2
.E..E.
Time: 0.532
There were 2 failures:
1) testFilterMulti(TestListExamples)
java.lang.AssertionError: expected:<[Moon, moon, MOON]> but was:<[MOON, moon, Moon]>
	at org.junit.Assert.fail(Assert.java:89)
	at org.junit.Assert.failNotEquals(Assert.java:835)
	at org.junit.Assert.assertEquals(Assert.java:120)
	at org.junit.Assert.assertEquals(Assert.java:146)
	at TestListExamples.testFilterMulti(TestListExamples.java:44)
2) testMergeRightEnd(TestListExamples)
org.junit.runners.model.TestTimedOutException: test timed out after 500 milliseconds
	at ListExamples.merge(ListExamples.java:43)
	at TestListExamples.testMergeRightEnd(TestListExamples.java:17)

FAILURES!!!
Tests run: 4,  Failures: 2

